<?xml version="1.0" encoding="UTF-8" ?>
<testsuite failures="0" time="2.228" errors="0" skipped="0" tests="2" name="de.kungle.asap.AppTest">
  <properties>
    <property name="java.runtime.name" value="Java(TM) SE Runtime Environment"/>
    <property name="sun.boot.library.path" value="C:\Program Files\Java\jdk1.6.0_17\jre\bin"/>
    <property name="java.vm.version" value="14.3-b01"/>
    <property name="java.vm.vendor" value="Sun Microsystems Inc."/>
    <property name="java.vendor.url" value="http://java.sun.com/"/>
    <property name="path.separator" value=";"/>
    <property name="java.vm.name" value="Java HotSpot(TM) 64-Bit Server VM"/>
    <property name="file.encoding.pkg" value="sun.io"/>
    <property name="user.country" value="DE"/>
    <property name="sun.java.launcher" value="SUN_STANDARD"/>
    <property name="sun.os.patch.level" value="Service Pack 2"/>
    <property name="java.vm.specification.name" value="Java Virtual Machine Specification"/>
    <property name="user.dir" value="D:\src\KungleAsap\asap"/>
    <property name="java.runtime.version" value="1.6.0_17-b04"/>
    <property name="java.awt.graphicsenv" value="sun.awt.Win32GraphicsEnvironment"/>
    <property name="basedir" value="D:\src\KungleAsap\asap"/>
    <property name="java.endorsed.dirs" value="C:\Program Files\Java\jdk1.6.0_17\jre\lib\endorsed"/>
    <property name="os.arch" value="amd64"/>
    <property name="surefire.real.class.path" value="C:\Users\yousry\AppData\Local\Temp\surefirebooter29163071024118712.jar"/>
    <property name="java.io.tmpdir" value="C:\Users\yousry\AppData\Local\Temp\"/>
    <property name="line.separator" value="
"/>
    <property name="java.vm.specification.vendor" value="Sun Microsystems Inc."/>
    <property name="user.variant" value=""/>
    <property name="os.name" value="Windows Vista"/>
    <property name="sun.jnu.encoding" value="Cp1252"/>
    <property name="java.library.path" value="C:\Program Files\Java\jdk1.6.0_17\jre\bin;.;C:\Windows\Sun\Java\bin;C:\Windows\system32;C:\Windows;c:\Program Files (x86)\NVIDIA Corporation\PhysX\Common;C:\Program Files (x86)\JavaFX\javafx-sdk1.2\bin;C:\Program Files (x86)\JavaFX\javafx-sdk1.2\emulator\bin;C:\Windows\system32;C:\Windows;C:\Windows\System32\Wbem;&quot;C:\Program Files (x86)\Graphviz2.17\Bin&quot;;C:\Windows\System32\WindowsPowerShell\v1.0\;C:\Program Files\MySQL\MySQL Server 5.1\bin;C:\Program Files (x86)\Mercurial\;C:\Program Files (x86)\QuickTime\QTSystem\;c:\Program Files (x86)\NVIDIA Corporation\PhysX\Common;C:\Program Files (x86)\JavaFX\javafx-sdk1.2\bin;C:\Program Files (x86)\JavaFX\javafx-sdk1.2\emulator\bin;C:\Windows\system32;C:\Windows;C:\Windows\System32\Wbem;&quot;C:\Program Files (x86)\Graphviz2.17\Bin&quot;;C:\Windows\System32\WindowsPowerShell\v1.0\;C:\Program Files\MySQL\MySQL Server 5.1\bin;C:\Program Files (x86)\Mercurial\;C:\Program Files (x86)\QuickTime\QTSystem\;C:\Program Files\Java\jdk1.6.0_17\bin;C:\Users\yousry\Programme\scala-2.8.0.Beta1-prerelease\bin;C:\Program Files (x86)\Mercurial;C:\Program Files\Java\apache-maven-2.2.1\bin;C:\Users\yousry\Programme\db-derby-10.5.1.1-bin\bin;C:\Users\yousry\Programme\apache-ant-1.7.1\bin;C:\Users\yousry\Programme\mongodb-win32-x86_64-1.2.3\bin;C:\Users\yousry\Programme\bin;C:\Users\yousry\Programme\php-5.2.13-Win32"/>
    <property name="surefire.test.class.path" value="D:\src\KungleAsap\asap\target\test-classes;D:\src\KungleAsap\asap\target\classes;C:\Users\yousry\.m2\repository\net\liftweb\lift-mapper\2.0-M3\lift-mapper-2.0-M3.jar;C:\Users\yousry\.m2\repository\net\liftweb\lift-webkit\2.0-M3\lift-webkit-2.0-M3.jar;C:\Users\yousry\.m2\repository\net\liftweb\lift-util\2.0-M3\lift-util-2.0-M3.jar;C:\Users\yousry\.m2\repository\net\liftweb\lift-actor\2.0-M3\lift-actor-2.0-M3.jar;C:\Users\yousry\.m2\repository\net\liftweb\lift-common\2.0-M3\lift-common-2.0-M3.jar;C:\Users\yousry\.m2\repository\org\slf4j\slf4j-api\1.5.11\slf4j-api-1.5.11.jar;C:\Users\yousry\.m2\repository\org\scala-lang\scala-library\2.7.7\scala-library-2.7.7.jar;C:\Users\yousry\.m2\repository\javax\mail\mail\1.4.1\mail-1.4.1.jar;C:\Users\yousry\.m2\repository\javax\activation\activation\1.1\activation-1.1.jar;C:\Users\yousry\.m2\repository\commons-codec\commons-codec\1.3\commons-codec-1.3.jar;C:\Users\yousry\.m2\repository\org\slf4j\slf4j-log4j12\1.5.11\slf4j-log4j12-1.5.11.jar;C:\Users\yousry\.m2\repository\log4j\log4j\1.2.14\log4j-1.2.14.jar;C:\Users\yousry\.m2\repository\net\liftweb\lift-json\2.0-M3\lift-json-2.0-M3.jar;C:\Users\yousry\.m2\repository\com\thoughtworks\paranamer\paranamer\2.0\paranamer-2.0.jar;C:\Users\yousry\.m2\repository\commons-fileupload\commons-fileupload\1.2.1\commons-fileupload-1.2.1.jar;C:\Users\yousry\.m2\repository\javax\servlet\servlet-api\2.5\servlet-api-2.5.jar;C:\Users\yousry\.m2\repository\junit\junit\4.7\junit-4.7.jar;C:\Users\yousry\.m2\repository\org\mortbay\jetty\jetty\6.1.22\jetty-6.1.22.jar;C:\Users\yousry\.m2\repository\org\mortbay\jetty\jetty-util\6.1.22\jetty-util-6.1.22.jar;C:\Users\yousry\.m2\repository\org\mortbay\jetty\servlet-api\2.5-20081211\servlet-api-2.5-20081211.jar;C:\Users\yousry\.m2\repository\org\scala-lang\scala-compiler\2.7.7\scala-compiler-2.7.7.jar;"/>
    <property name="java.specification.name" value="Java Platform API Specification"/>
    <property name="java.class.version" value="50.0"/>
    <property name="sun.management.compiler" value="HotSpot 64-Bit Server Compiler"/>
    <property name="os.version" value="6.0"/>
    <property name="user.home" value="C:\Users\yousry"/>
    <property name="user.timezone" value="Europe/Berlin"/>
    <property name="java.awt.printerjob" value="sun.awt.windows.WPrinterJob"/>
    <property name="java.specification.version" value="1.6"/>
    <property name="file.encoding" value="Cp1252"/>
    <property name="user.name" value="yousry"/>
    <property name="java.class.path" value="D:\src\KungleAsap\asap\target\test-classes;D:\src\KungleAsap\asap\target\classes;C:\Users\yousry\.m2\repository\net\liftweb\lift-mapper\2.0-M3\lift-mapper-2.0-M3.jar;C:\Users\yousry\.m2\repository\net\liftweb\lift-webkit\2.0-M3\lift-webkit-2.0-M3.jar;C:\Users\yousry\.m2\repository\net\liftweb\lift-util\2.0-M3\lift-util-2.0-M3.jar;C:\Users\yousry\.m2\repository\net\liftweb\lift-actor\2.0-M3\lift-actor-2.0-M3.jar;C:\Users\yousry\.m2\repository\net\liftweb\lift-common\2.0-M3\lift-common-2.0-M3.jar;C:\Users\yousry\.m2\repository\org\slf4j\slf4j-api\1.5.11\slf4j-api-1.5.11.jar;C:\Users\yousry\.m2\repository\org\scala-lang\scala-library\2.7.7\scala-library-2.7.7.jar;C:\Users\yousry\.m2\repository\javax\mail\mail\1.4.1\mail-1.4.1.jar;C:\Users\yousry\.m2\repository\javax\activation\activation\1.1\activation-1.1.jar;C:\Users\yousry\.m2\repository\commons-codec\commons-codec\1.3\commons-codec-1.3.jar;C:\Users\yousry\.m2\repository\org\slf4j\slf4j-log4j12\1.5.11\slf4j-log4j12-1.5.11.jar;C:\Users\yousry\.m2\repository\log4j\log4j\1.2.14\log4j-1.2.14.jar;C:\Users\yousry\.m2\repository\net\liftweb\lift-json\2.0-M3\lift-json-2.0-M3.jar;C:\Users\yousry\.m2\repository\com\thoughtworks\paranamer\paranamer\2.0\paranamer-2.0.jar;C:\Users\yousry\.m2\repository\commons-fileupload\commons-fileupload\1.2.1\commons-fileupload-1.2.1.jar;C:\Users\yousry\.m2\repository\javax\servlet\servlet-api\2.5\servlet-api-2.5.jar;C:\Users\yousry\.m2\repository\junit\junit\4.7\junit-4.7.jar;C:\Users\yousry\.m2\repository\org\mortbay\jetty\jetty\6.1.22\jetty-6.1.22.jar;C:\Users\yousry\.m2\repository\org\mortbay\jetty\jetty-util\6.1.22\jetty-util-6.1.22.jar;C:\Users\yousry\.m2\repository\org\mortbay\jetty\servlet-api\2.5-20081211\servlet-api-2.5-20081211.jar;C:\Users\yousry\.m2\repository\org\scala-lang\scala-compiler\2.7.7\scala-compiler-2.7.7.jar;"/>
    <property name="java.vm.specification.version" value="1.0"/>
    <property name="sun.arch.data.model" value="64"/>
    <property name="java.home" value="C:\Program Files\Java\jdk1.6.0_17\jre"/>
    <property name="java.specification.vendor" value="Sun Microsystems Inc."/>
    <property name="user.language" value="de"/>
    <property name="awt.toolkit" value="sun.awt.windows.WToolkit"/>
    <property name="java.vm.info" value="mixed mode"/>
    <property name="java.version" value="1.6.0_17"/>
    <property name="java.ext.dirs" value="C:\Program Files\Java\jdk1.6.0_17\jre\lib\ext;C:\Windows\Sun\Java\lib\ext"/>
    <property name="sun.boot.class.path" value="C:\Program Files\Java\jdk1.6.0_17\jre\lib\resources.jar;C:\Program Files\Java\jdk1.6.0_17\jre\lib\rt.jar;C:\Program Files\Java\jdk1.6.0_17\jre\lib\sunrsasign.jar;C:\Program Files\Java\jdk1.6.0_17\jre\lib\jsse.jar;C:\Program Files\Java\jdk1.6.0_17\jre\lib\jce.jar;C:\Program Files\Java\jdk1.6.0_17\jre\lib\charsets.jar;C:\Program Files\Java\jdk1.6.0_17\jre\classes"/>
    <property name="java.vendor" value="Sun Microsystems Inc."/>
    <property name="localRepository" value="C:\Users\yousry\.m2\repository"/>
    <property name="file.separator" value="\"/>
    <property name="java.vendor.url.bug" value="http://java.sun.com/cgi-bin/bugreport.cgi"/>
    <property name="sun.cpu.endian" value="little"/>
    <property name="sun.io.unicode.encoding" value="UnicodeLittle"/>
    <property name="sun.desktop" value="windows"/>
    <property name="sun.cpu.isalist" value="amd64"/>
  </properties>
  <testcase time="2.135" classname="de.kungle.asap.AppTest" name="testXml"/>
  <testcase time="0.001" classname="de.kungle.asap.AppTest" name="testOK"/>
</testsuite>